mode: set
github.com/rmarasigan/golang-batangas/batdoc/models/document_user.go:19.44,21.2 1 0
github.com/rmarasigan/golang-batangas/batdoc/models/document_version.go:21.42,23.2 1 0
github.com/rmarasigan/golang-batangas/batdoc/models/document_version.go:25.47,27.2 1 0
github.com/rmarasigan/golang-batangas/batdoc/models/document_version.go:29.34,32.15 3 1
github.com/rmarasigan/golang-batangas/batdoc/models/document_version.go:35.2,38.12 2 1
github.com/rmarasigan/golang-batangas/batdoc/models/document_version.go:32.15,34.3 1 1
github.com/rmarasigan/golang-batangas/batdoc/models/document_version.go:38.12,39.13 1 1
github.com/rmarasigan/golang-batangas/batdoc/models/document_version.go:39.13,47.4 6 1
github.com/rmarasigan/golang-batangas/batdoc/models/folder_group.go:19.43,21.2 1 0
github.com/rmarasigan/golang-batangas/batdoc/models/folder_user.go:19.42,21.2 1 0
github.com/rmarasigan/golang-batangas/batdoc/models/format.go:19.28,21.2 1 1
github.com/rmarasigan/golang-batangas/batdoc/models/format.go:23.28,25.2 1 1
github.com/rmarasigan/golang-batangas/batdoc/models/format.go:27.29,29.2 1 1
github.com/rmarasigan/golang-batangas/batdoc/models/format.go:31.29,33.2 1 1
github.com/rmarasigan/golang-batangas/batdoc/models/format.go:35.29,37.2 1 1
github.com/rmarasigan/golang-batangas/batdoc/models/format.go:39.29,41.2 1 1
github.com/rmarasigan/golang-batangas/batdoc/models/format.go:43.58,44.19 1 1
github.com/rmarasigan/golang-batangas/batdoc/models/format.go:74.2,74.19 1 1
github.com/rmarasigan/golang-batangas/batdoc/models/format.go:85.2,85.20 1 1
github.com/rmarasigan/golang-batangas/batdoc/models/format.go:90.2,90.20 1 1
github.com/rmarasigan/golang-batangas/batdoc/models/format.go:101.2,101.20 1 1
github.com/rmarasigan/golang-batangas/batdoc/models/format.go:118.2,118.20 1 1
github.com/rmarasigan/golang-batangas/batdoc/models/format.go:148.2,148.11 1 1
github.com/rmarasigan/golang-batangas/batdoc/models/format.go:44.19,54.17 7 0
github.com/rmarasigan/golang-batangas/batdoc/models/format.go:58.3,62.17 5 0
github.com/rmarasigan/golang-batangas/batdoc/models/format.go:66.3,67.17 2 0
github.com/rmarasigan/golang-batangas/batdoc/models/format.go:71.3,71.21 1 0
github.com/rmarasigan/golang-batangas/batdoc/models/format.go:54.17,57.4 2 0
github.com/rmarasigan/golang-batangas/batdoc/models/format.go:62.17,65.4 2 0
github.com/rmarasigan/golang-batangas/batdoc/models/format.go:67.17,70.4 2 0
github.com/rmarasigan/golang-batangas/batdoc/models/format.go:74.19,78.17 3 0
github.com/rmarasigan/golang-batangas/batdoc/models/format.go:82.3,82.21 1 0
github.com/rmarasigan/golang-batangas/batdoc/models/format.go:78.17,81.4 2 0
github.com/rmarasigan/golang-batangas/batdoc/models/format.go:85.20,88.3 1 0
github.com/rmarasigan/golang-batangas/batdoc/models/format.go:90.20,93.41 3 0
github.com/rmarasigan/golang-batangas/batdoc/models/format.go:98.3,98.13 1 0
github.com/rmarasigan/golang-batangas/batdoc/models/format.go:93.41,94.36 1 0
github.com/rmarasigan/golang-batangas/batdoc/models/format.go:94.36,96.5 1 0
github.com/rmarasigan/golang-batangas/batdoc/models/format.go:101.20,104.40 3 0
github.com/rmarasigan/golang-batangas/batdoc/models/format.go:104.40,105.38 1 0
github.com/rmarasigan/golang-batangas/batdoc/models/format.go:114.4,114.14 1 0
github.com/rmarasigan/golang-batangas/batdoc/models/format.go:105.38,106.36 1 0
github.com/rmarasigan/golang-batangas/batdoc/models/format.go:106.36,108.43 2 0
github.com/rmarasigan/golang-batangas/batdoc/models/format.go:108.43,110.7 1 0
github.com/rmarasigan/golang-batangas/batdoc/models/format.go:118.20,126.39 2 0
github.com/rmarasigan/golang-batangas/batdoc/models/format.go:126.39,127.51 1 0
github.com/rmarasigan/golang-batangas/batdoc/models/format.go:127.51,129.29 1 0
github.com/rmarasigan/golang-batangas/batdoc/models/format.go:129.29,130.26 1 0
github.com/rmarasigan/golang-batangas/batdoc/models/format.go:134.6,134.39 1 0
github.com/rmarasigan/golang-batangas/batdoc/models/format.go:130.26,131.15 1 0
github.com/rmarasigan/golang-batangas/batdoc/models/format.go:134.39,135.22 1 0
github.com/rmarasigan/golang-batangas/batdoc/models/format.go:139.7,139.43 1 0
github.com/rmarasigan/golang-batangas/batdoc/models/format.go:135.22,136.16 1 0
github.com/rmarasigan/golang-batangas/batdoc/models/format.go:139.43,141.8 1 0
github.com/rmarasigan/golang-batangas/batdoc/models/import_folder.go:12.39,14.2 1 0
github.com/rmarasigan/golang-batangas/batdoc/models/import_folder.go:16.31,19.2 1 0
github.com/rmarasigan/golang-batangas/batdoc/models/document.go:25.27,28.15 3 1
github.com/rmarasigan/golang-batangas/batdoc/models/document.go:38.2,40.15 3 1
github.com/rmarasigan/golang-batangas/batdoc/models/document.go:28.15,31.28 3 0
github.com/rmarasigan/golang-batangas/batdoc/models/document.go:31.28,33.4 1 0
github.com/rmarasigan/golang-batangas/batdoc/models/document.go:34.8,37.3 2 1
github.com/rmarasigan/golang-batangas/batdoc/models/document.go:40.15,49.13 8 1
github.com/rmarasigan/golang-batangas/batdoc/models/document.go:49.13,61.4 4 1
github.com/rmarasigan/golang-batangas/batdoc/models/document.go:65.98,66.16 1 0
github.com/rmarasigan/golang-batangas/batdoc/models/document.go:74.2,74.21 1 0
github.com/rmarasigan/golang-batangas/batdoc/models/document.go:94.2,96.27 3 0
github.com/rmarasigan/golang-batangas/batdoc/models/document.go:103.2,105.26 3 0
github.com/rmarasigan/golang-batangas/batdoc/models/document.go:111.2,111.8 1 0
github.com/rmarasigan/golang-batangas/batdoc/models/document.go:66.16,71.3 4 0
github.com/rmarasigan/golang-batangas/batdoc/models/document.go:74.21,77.26 3 0
github.com/rmarasigan/golang-batangas/batdoc/models/document.go:83.3,85.25 3 0
github.com/rmarasigan/golang-batangas/batdoc/models/document.go:77.26,82.4 4 0
github.com/rmarasigan/golang-batangas/batdoc/models/document.go:85.25,90.4 4 0
github.com/rmarasigan/golang-batangas/batdoc/models/document.go:96.27,101.3 4 0
github.com/rmarasigan/golang-batangas/batdoc/models/document.go:105.26,110.3 4 0
github.com/rmarasigan/golang-batangas/batdoc/models/document.go:114.84,117.40 2 0
github.com/rmarasigan/golang-batangas/batdoc/models/document.go:130.2,130.40 1 0
github.com/rmarasigan/golang-batangas/batdoc/models/document.go:117.40,121.25 4 0
github.com/rmarasigan/golang-batangas/batdoc/models/document.go:127.3,128.18 2 0
github.com/rmarasigan/golang-batangas/batdoc/models/document.go:121.25,122.34 1 0
github.com/rmarasigan/golang-batangas/batdoc/models/document.go:122.34,125.5 2 0
github.com/rmarasigan/golang-batangas/batdoc/models/document.go:133.143,134.16 1 0
github.com/rmarasigan/golang-batangas/batdoc/models/document.go:137.2,141.40 3 0
github.com/rmarasigan/golang-batangas/batdoc/models/document.go:158.2,158.17 1 0
github.com/rmarasigan/golang-batangas/batdoc/models/document.go:164.2,169.6 5 0
github.com/rmarasigan/golang-batangas/batdoc/models/document.go:198.2,200.12 3 0
github.com/rmarasigan/golang-batangas/batdoc/models/document.go:134.16,136.3 1 0
github.com/rmarasigan/golang-batangas/batdoc/models/document.go:141.40,146.25 5 0
github.com/rmarasigan/golang-batangas/batdoc/models/document.go:155.3,156.18 2 0
github.com/rmarasigan/golang-batangas/batdoc/models/document.go:146.25,147.34 1 0
github.com/rmarasigan/golang-batangas/batdoc/models/document.go:147.34,150.5 2 0
github.com/rmarasigan/golang-batangas/batdoc/models/document.go:150.10,153.5 2 0
github.com/rmarasigan/golang-batangas/batdoc/models/document.go:158.17,162.3 3 0
github.com/rmarasigan/golang-batangas/batdoc/models/document.go:169.6,172.17 3 0
github.com/rmarasigan/golang-batangas/batdoc/models/document.go:177.3,177.25 1 0
github.com/rmarasigan/golang-batangas/batdoc/models/document.go:184.3,184.27 1 0
github.com/rmarasigan/golang-batangas/batdoc/models/document.go:196.3,196.18 1 0
github.com/rmarasigan/golang-batangas/batdoc/models/document.go:172.17,176.4 3 0
github.com/rmarasigan/golang-batangas/batdoc/models/document.go:177.25,183.4 4 0
github.com/rmarasigan/golang-batangas/batdoc/models/document.go:184.27,186.9 2 0
github.com/rmarasigan/golang-batangas/batdoc/models/document.go:190.4,190.29 1 0
github.com/rmarasigan/golang-batangas/batdoc/models/document.go:186.9,189.5 2 0
github.com/rmarasigan/golang-batangas/batdoc/models/document.go:190.29,194.5 3 0
github.com/rmarasigan/golang-batangas/batdoc/models/document.go:203.46,208.2 4 0
github.com/rmarasigan/golang-batangas/batdoc/models/document_group.go:19.45,21.2 1 0
github.com/rmarasigan/golang-batangas/batdoc/models/folder.go:14.33,16.2 1 0
